<?xml version="1.0" encoding="UTF-8"?>
<testsuites name="Demo" time="269" tests="2" failures="1" errors="0">
   <testsuite name="Demo" tests="2" failures="1" errors="0" time="269" timestamp="2018-02-23 12:32:16" hostname="bashah - L005401.Apttus.local" id="Test Suites/Demo">
      <properties>
         <property name="deviceName" value=""/>
         <property name="devicePlatform" value=""/>
         <property name="logFolder" value="C:\\Users\\bashah\\Katalon Studio\\TestdataAutomation\\Reports\\Demo\\20180223_123213"/>
         <property name="logFiles" value="C:\\Users\\bashah\\Katalon Studio\\TestdataAutomation\\Reports\\Demo\\20180223_123213\\execution0.log"/>
         <property name="attachments" value="C:\\Users\\bashah\\Katalon Studio\\TestdataAutomation\\Reports\\Demo\\20180223_123213\\1519369482850.png"/>
         <property name="hostName" value="bashah - L005401.Apttus.local"/>
         <property name="os" value="Windows 10 64bit"/>
         <property name="katalonVersion" value="5.3.0.1"/>
         <property name="browser" value="Firefox 58.0"/>
         <property name="hostAddress" value="10.13.10.136"/>
         <property name="sessionId" value="640a7f92-bb99-4bb3-94e7-81f60e266c03"/>
         <property name="seleniumVersion" value="3.7.1"/>
         <property name="proxyInformation" value="ProxyInformation{proxyOption=NO_PROXY, proxyServerType=HTTP, password=, proxyServerAddress=, proxyServerPort=0}"/>
         <property name="platform" value="Windows 10"/>
      </properties>
      <testcase name="Test Cases/Main Test Cases/testdata" classname="Test Cases/Main Test Cases/testdata" status="PASSED">
         <system-out><![CDATA[2018-02-23 12:32:17 - [TEST_CASE][PASSED] - Test Cases/Main Test Cases/testdata: Test Cases/Main Test Cases/testdata

2018-02-23 12:32:18 - [TEST_STEP][PASSED] - Statement - data = com.kms.katalon.core.testdata.TestDataFactory.findTestData(data): Reading excel file with source file 'C:\Users\bashah\Documents\data.xlsx' and sheet name 'Sheet1'

2018-02-23 12:32:19 - [TEST_STEP][PASSED] - openBrowser: Browser is opened with url: ''

2018-02-23 12:32:25 - [MESSAGE][PASSED] - Browser is opened with url: ''

2018-02-23 12:32:25 - [TEST_STEP][PASSED] - navigateToUrl: Navigate to 'https://myapplications--devfull.cs93.my.salesforce.com/' successfully

2018-02-23 12:32:29 - [MESSAGE][PASSED] - Navigate to 'https://myapplications--devfull.cs93.my.salesforce.com/' successfully

2018-02-23 12:32:29 - [TEST_STEP][PASSED] - setText: Text 'legalowner@apttus.com.osf.devfull' is set on object 'Object Repository/Page_Login  Salesforce/input_username'

2018-02-23 12:32:29 - [MESSAGE][PASSED] - Text 'legalowner@apttus.com.osf.devfull' is set on object 'Object Repository/Page_Login  Salesforce/input_username'

2018-02-23 12:32:29 - [TEST_STEP][PASSED] - setText: Text 'Admin@201699' is set on object 'Object Repository/Page_Login  Salesforce/input_pw'

2018-02-23 12:32:29 - [MESSAGE][PASSED] - Text 'Admin@201699' is set on object 'Object Repository/Page_Login  Salesforce/input_pw'

2018-02-23 12:32:29 - [TEST_STEP][PASSED] - sendKeys: Keys 'ENTER + ' sent to object: 'Object Repository/Page_Login  Salesforce/input_pw'

2018-02-23 12:32:29 - [MESSAGE][PASSED] - Keys 'ENTER + ' sent to object: 'Object Repository/Page_Login  Salesforce/input_pw'

2018-02-23 12:32:29 - [TEST_STEP][PASSED] - click: Object: 'Object Repository/Page_Salesforce - Unlimited Edition/a_Agreements' is clicked on

2018-02-23 12:32:46 - [MESSAGE][PASSED] - Object: 'Object Repository/Page_Salesforce - Unlimited Edition/a_Agreements' is clicked on

2018-02-23 12:32:46 - [TEST_STEP][PASSED] - click: Object: 'Object Repository/Page_Agreements Home  Salesforce -/input_new' is clicked on

2018-02-23 12:32:47 - [MESSAGE][PASSED] - Object: 'Object Repository/Page_Agreements Home  Salesforce -/input_new' is clicked on

2018-02-23 12:32:47 - [TEST_STEP][PASSED] - selectOptionByValue: All options with value '012d0000001lBoB' are selected in object 'Object Repository/Page_New Agreement Select Agreement/select_Advisory Board LetterAg'  using regular expression

2018-02-23 12:32:48 - [MESSAGE][PASSED] - All options with value '012d0000001lBoB' are selected in object 'Object Repository/Page_New Agreement Select Agreement/select_Advisory Board LetterAg'  using regular expression

2018-02-23 12:32:48 - [TEST_STEP][PASSED] - selectOptionByValue: All options with value '012d0000001lBoA' are selected in object 'Object Repository/Page_New Agreement Select Agreement/select_Advisory Board LetterAg'  using regular expression

2018-02-23 12:32:49 - [MESSAGE][PASSED] - All options with value '012d0000001lBoA' are selected in object 'Object Repository/Page_New Agreement Select Agreement/select_Advisory Board LetterAg'  using regular expression

2018-02-23 12:32:49 - [TEST_STEP][PASSED] - click: Object: 'Object Repository/Page_New Agreement Select Agreement/input_save' is clicked on

2018-02-23 12:32:55 - [MESSAGE][PASSED] - Object: 'Object Repository/Page_New Agreement Select Agreement/input_save' is clicked on

2018-02-23 12:32:55 - [TEST_STEP][PASSED] - click: Object: 'Object Repository/Page_Salesforce - Unlimited Edition/input_j_id0j_id1j_id2j_id3j_id' is clicked on

2018-02-23 12:32:58 - [MESSAGE][PASSED] - Object: 'Object Repository/Page_Salesforce - Unlimited Edition/input_j_id0j_id1j_id2j_id3j_id' is clicked on

2018-02-23 12:32:58 - [TEST_STEP][PASSED] - setText: Text 'testagreement' is set on object 'Object Repository/Page_Agreement Edit Enter Title  Sa/input_Name'

2018-02-23 12:32:59 - [MESSAGE][PASSED] - Text 'testagreement' is set on object 'Object Repository/Page_Agreement Edit Enter Title  Sa/input_Name'

2018-02-23 12:32:59 - [TEST_STEP][PASSED] - click: Object: 'Object Repository/Page_Agreement Edit Enter Title  Sa/img_lookupIconOn' is clicked on

2018-02-23 12:32:59 - [MESSAGE][PASSED] - Object: 'Object Repository/Page_Agreement Edit Enter Title  Sa/img_lookupIconOn' is clicked on

2018-02-23 12:32:59 - [TEST_STEP][PASSED] - switchToWindowIndex: Switched to window with index: '1'

2018-02-23 12:32:59 - [MESSAGE][PASSED] - Switched to window with index: '1'

2018-02-23 12:32:59 - [TEST_STEP][PASSED] - click: Object: 'Object Repository/Page_Search  Salesforce - Unlimited/th_Open Society Institute' is clicked on

2018-02-23 12:33:01 - [MESSAGE][PASSED] - Object: 'Object Repository/Page_Search  Salesforce - Unlimited/th_Open Society Institute' is clicked on

2018-02-23 12:33:01 - [TEST_STEP][PASSED] - switchToDefaultContent: Switching to default content

2018-02-23 12:33:01 - [TEST_STEP][PASSED] - click: Object: 'Object Repository/Page_Agreement Edit Enter Title  Sa/img_lookupIconOn_1' is clicked on

2018-02-23 12:33:01 - [MESSAGE][PASSED] - Object: 'Object Repository/Page_Agreement Edit Enter Title  Sa/img_lookupIconOn_1' is clicked on

2018-02-23 12:33:01 - [TEST_STEP][PASSED] - switchToWindowIndex: Switched to window with index: '1'

2018-02-23 12:33:01 - [MESSAGE][PASSED] - Switched to window with index: '1'

2018-02-23 12:33:01 - [TEST_STEP][PASSED] - click: Object: 'Object Repository/Page_Search  Salesforce - Unlimited/th_Womens Education for Advanc' is clicked on

2018-02-23 12:33:03 - [MESSAGE][PASSED] - Object: 'Object Repository/Page_Search  Salesforce - Unlimited/th_Womens Education for Advanc' is clicked on

2018-02-23 12:33:03 - [TEST_STEP][PASSED] - click: Object: 'Object Repository/Page_Agreement Edit Enter Title  Sa/img_lookupIconOn_2' is clicked on

2018-02-23 12:33:03 - [MESSAGE][PASSED] - Object: 'Object Repository/Page_Agreement Edit Enter Title  Sa/img_lookupIconOn_2' is clicked on

2018-02-23 12:33:03 - [TEST_STEP][PASSED] - switchToWindowIndex: Switched to window with index: '1'

2018-02-23 12:33:03 - [MESSAGE][PASSED] - Switched to window with index: '1'

2018-02-23 12:33:03 - [TEST_STEP][PASSED] - click: Object: 'Object Repository/TestAutomation/testdata/Page_Search  Salesforce - Unlimited/Page_Search  Salesforce - Unlimited/a_Ruth Margerison' is clicked on

2018-02-23 12:33:05 - [MESSAGE][PASSED] - Object: 'Object Repository/TestAutomation/testdata/Page_Search  Salesforce - Unlimited/Page_Search  Salesforce - Unlimited/a_Ruth Margerison' is clicked on

2018-02-23 12:33:05 - [TEST_STEP][PASSED] - switchToDefaultContent: Switching to default content

2018-02-23 12:33:05 - [TEST_STEP][PASSED] - click: Object: 'Object Repository/Page_Agreement Edit Enter Title  Sa/img_lookupIconOn_3' is clicked on

2018-02-23 12:33:06 - [MESSAGE][PASSED] - Object: 'Object Repository/Page_Agreement Edit Enter Title  Sa/img_lookupIconOn_3' is clicked on

2018-02-23 12:33:06 - [TEST_STEP][PASSED] - switchToWindowIndex: Switched to window with index: '1'

2018-02-23 12:33:06 - [MESSAGE][PASSED] - Switched to window with index: '1'

2018-02-23 12:33:06 - [TEST_STEP][PASSED] - click: Object: 'Object Repository/TestAutomation/testdata/Page_Search  Salesforce - Unlimited/a_US Dollar' is clicked on

2018-02-23 12:33:07 - [MESSAGE][PASSED] - Object: 'Object Repository/TestAutomation/testdata/Page_Search  Salesforce - Unlimited/a_US Dollar' is clicked on

2018-02-23 12:33:07 - [TEST_STEP][PASSED] - switchToDefaultContent: Switching to default content

2018-02-23 12:33:07 - [TEST_STEP][PASSED] - click: Object: 'Object Repository/TestAutomation/testdata/Page_Search  Salesforce - Unlimited/Page_Agreement Edit Enter Title  Sa/input_00Nd0000009K7Xb' is clicked on

2018-02-23 12:33:08 - [MESSAGE][PASSED] - Object: 'Object Repository/TestAutomation/testdata/Page_Search  Salesforce - Unlimited/Page_Agreement Edit Enter Title  Sa/input_00Nd0000009K7Xb' is clicked on

2018-02-23 12:33:08 - [TEST_STEP][PASSED] - click: Object: 'Object Repository/TestAutomation/testdata/Page_Search  Salesforce - Unlimited/Page_Agreement Edit Enter Title  Sa/a_2222018' is clicked on

2018-02-23 12:33:08 - [MESSAGE][PASSED] - Object: 'Object Repository/TestAutomation/testdata/Page_Search  Salesforce - Unlimited/Page_Agreement Edit Enter Title  Sa/a_2222018' is clicked on

2018-02-23 12:33:08 - [TEST_STEP][PASSED] - click: Object: 'Object Repository/TestAutomation/testdata/Page_Search  Salesforce - Unlimited/Page_Agreement Edit Enter Title  Sa/input_00Nd0000009K7XZ' is clicked on

2018-02-23 12:33:08 - [MESSAGE][PASSED] - Object: 'Object Repository/TestAutomation/testdata/Page_Search  Salesforce - Unlimited/Page_Agreement Edit Enter Title  Sa/input_00Nd0000009K7XZ' is clicked on

2018-02-23 12:33:08 - [TEST_STEP][PASSED] - click: Object: 'Object Repository/TestAutomation/testdata/Page_Search  Salesforce - Unlimited/Page_Agreement Edit Enter Title  Sa/Page_Agreement Edit Enter Title  Sa/td_23' is clicked on

2018-02-23 12:33:09 - [MESSAGE][PASSED] - Object: 'Object Repository/TestAutomation/testdata/Page_Search  Salesforce - Unlimited/Page_Agreement Edit Enter Title  Sa/Page_Agreement Edit Enter Title  Sa/td_23' is clicked on

2018-02-23 12:33:09 - [TEST_STEP][PASSED] - setText: Text 'test' is set on object 'Object Repository/Page_Agreement Edit Enter Title  Sa/textarea_00Nd0000009K8Q4'

2018-02-23 12:33:09 - [MESSAGE][PASSED] - Text 'test' is set on object 'Object Repository/Page_Agreement Edit Enter Title  Sa/textarea_00Nd0000009K8Q4'

2018-02-23 12:33:09 - [TEST_STEP][PASSED] - selectOptionByValue: All options with value '2' are selected in object 'Object Repository/Page_Agreement Edit Enter Title  Sa/select_AfghanistanAland Island'  using regular expression

2018-02-23 12:33:13 - [MESSAGE][PASSED] - All options with value '2' are selected in object 'Object Repository/Page_Agreement Edit Enter Title  Sa/select_AfghanistanAland Island'  using regular expression

2018-02-23 12:33:13 - [TEST_STEP][PASSED] - click: Object: 'Object Repository/Page_Agreement Edit Enter Title  Sa/img_00Nd0000009K8P9_right_arro' is clicked on

2018-02-23 12:33:13 - [MESSAGE][PASSED] - Object: 'Object Repository/Page_Agreement Edit Enter Title  Sa/img_00Nd0000009K8P9_right_arro' is clicked on

2018-02-23 12:33:13 - [TEST_STEP][PASSED] - click: Object: 'Object Repository/Page_Agreement Edit Enter Title  Sa/td_--None--YesNonew picklist(0' is clicked on

2018-02-23 12:33:13 - [MESSAGE][PASSED] - Object: 'Object Repository/Page_Agreement Edit Enter Title  Sa/td_--None--YesNonew picklist(0' is clicked on

2018-02-23 12:33:13 - [TEST_STEP][PASSED] - selectOptionByValue: All options with value 'Yes' are selected in object 'Object Repository/Page_Agreement Edit Enter Title  Sa/select_--None--YesNo'  using regular expression

2018-02-23 12:33:14 - [MESSAGE][PASSED] - All options with value 'Yes' are selected in object 'Object Repository/Page_Agreement Edit Enter Title  Sa/select_--None--YesNo'  using regular expression

2018-02-23 12:33:14 - [TEST_STEP][PASSED] - selectOptionByValue: All options with value 'Yes' are selected in object 'Object Repository/Page_Agreement Edit Enter Title  Sa/select_--None--YesNo_1'  using regular expression

2018-02-23 12:33:14 - [MESSAGE][PASSED] - All options with value 'Yes' are selected in object 'Object Repository/Page_Agreement Edit Enter Title  Sa/select_--None--YesNo_1'  using regular expression

2018-02-23 12:33:14 - [TEST_STEP][PASSED] - selectOptionByValue: All options with value 'No' are selected in object 'Object Repository/Page_Agreement Edit Enter Title  Sa/select_--None--YesNo'  using regular expression

2018-02-23 12:33:15 - [MESSAGE][PASSED] - All options with value 'No' are selected in object 'Object Repository/Page_Agreement Edit Enter Title  Sa/select_--None--YesNo'  using regular expression

2018-02-23 12:33:15 - [TEST_STEP][PASSED] - selectOptionByValue: All options with value 'No' are selected in object 'Object Repository/Page_Agreement Edit Enter Title  Sa/select_--None--YesNo_1'  using regular expression

2018-02-23 12:33:15 - [MESSAGE][PASSED] - All options with value 'No' are selected in object 'Object Repository/Page_Agreement Edit Enter Title  Sa/select_--None--YesNo_1'  using regular expression

2018-02-23 12:33:15 - [TEST_STEP][PASSED] - selectOptionByValue: All options with value 'No' are selected in object 'Object Repository/Page_Agreement Edit Enter Title  Sa/select_--None--YesNo_2'  using regular expression

2018-02-23 12:33:16 - [MESSAGE][PASSED] - All options with value 'No' are selected in object 'Object Repository/Page_Agreement Edit Enter Title  Sa/select_--None--YesNo_2'  using regular expression

2018-02-23 12:33:16 - [TEST_STEP][PASSED] - click: Object: 'Object Repository/Page_Agreement Edit Enter Title  Sa/input_save' is clicked on

2018-02-23 12:33:23 - [MESSAGE][PASSED] - Object: 'Object Repository/Page_Agreement Edit Enter Title  Sa/input_save' is clicked on

2018-02-23 12:33:23 - [TEST_STEP][PASSED] - closeBrowser: Browser is closed

2018-02-23 12:33:24 - [MESSAGE][PASSED] - Browser is closed]]></system-out>
         <system-err><![CDATA[]]></system-err>
      </testcase>
      <testcase name="Test Cases/Main Test Cases/testdata" classname="Test Cases/Main Test Cases/testdata" status="FAILED">
         <failure type="FAILED" message="Unable to click on object 'Object Repository/TestAutomation/testdata/Page_Search  Salesforce - Unlimited/Page_Agreement Edit Enter Title  Sa/Page_Agreement Edit Enter Title  Sa/td_23' (Root cause: com.kms.katalon.core.webui.exception.WebElementNotFoundException: Web element with id: 'Object Repository/TestAutomation/testdata/Page_Search  Salesforce - Unlimited/Page_Agreement Edit Enter Title  Sa/Page_Agreement Edit Enter Title  Sa/td_23' located by 'By.xpath: //td[(text() = '23' or . = '23')]' not found)"/>
         <system-out><![CDATA[2018-02-23 12:33:24 - [TEST_CASE][FAILED] - Test Cases/Main Test Cases/testdata: Test Cases/Main Test Cases/testdata FAILED because (of) Unable to click on object 'Object Repository/TestAutomation/testdata/Page_Search  Salesforce - Unlimited/Page_Agreement Edit Enter Title  Sa/Page_Agreement Edit Enter Title  Sa/td_23' (Root cause: com.kms.katalon.core.webui.exception.WebElementNotFoundException: Web element with id: 'Object Repository/TestAutomation/testdata/Page_Search  Salesforce - Unlimited/Page_Agreement Edit Enter Title  Sa/Page_Agreement Edit Enter Title  Sa/td_23' located by 'By.xpath: //td[(text() = '23' or . = '23')]' not found)

2018-02-23 12:33:24 - [TEST_STEP][PASSED] - Statement - data = com.kms.katalon.core.testdata.TestDataFactory.findTestData(data): Reading excel file with source file 'C:\Users\bashah\Documents\data.xlsx' and sheet name 'Sheet1'

2018-02-23 12:33:24 - [TEST_STEP][PASSED] - openBrowser: Browser is opened with url: ''

2018-02-23 12:33:30 - [MESSAGE][PASSED] - Browser is opened with url: ''

2018-02-23 12:33:30 - [TEST_STEP][PASSED] - navigateToUrl: Navigate to 'https://myapplications--devfull.cs93.my.salesforce.com/' successfully

2018-02-23 12:33:34 - [MESSAGE][PASSED] - Navigate to 'https://myapplications--devfull.cs93.my.salesforce.com/' successfully

2018-02-23 12:33:34 - [TEST_STEP][PASSED] - setText: Text 'legalowner@apttus.com.osf.devfull' is set on object 'Object Repository/Page_Login  Salesforce/input_username'

2018-02-23 12:33:34 - [MESSAGE][PASSED] - Text 'legalowner@apttus.com.osf.devfull' is set on object 'Object Repository/Page_Login  Salesforce/input_username'

2018-02-23 12:33:34 - [TEST_STEP][PASSED] - setText: Text 'Admin@201699' is set on object 'Object Repository/Page_Login  Salesforce/input_pw'

2018-02-23 12:33:34 - [MESSAGE][PASSED] - Text 'Admin@201699' is set on object 'Object Repository/Page_Login  Salesforce/input_pw'

2018-02-23 12:33:34 - [TEST_STEP][PASSED] - sendKeys: Keys 'ENTER + ' sent to object: 'Object Repository/Page_Login  Salesforce/input_pw'

2018-02-23 12:33:34 - [MESSAGE][PASSED] - Keys 'ENTER + ' sent to object: 'Object Repository/Page_Login  Salesforce/input_pw'

2018-02-23 12:33:34 - [TEST_STEP][PASSED] - click: Object: 'Object Repository/Page_Salesforce - Unlimited Edition/a_Agreements' is clicked on

2018-02-23 12:33:49 - [MESSAGE][PASSED] - Object: 'Object Repository/Page_Salesforce - Unlimited Edition/a_Agreements' is clicked on

2018-02-23 12:33:49 - [TEST_STEP][PASSED] - click: Object: 'Object Repository/Page_Agreements Home  Salesforce -/input_new' is clicked on

2018-02-23 12:33:50 - [MESSAGE][PASSED] - Object: 'Object Repository/Page_Agreements Home  Salesforce -/input_new' is clicked on

2018-02-23 12:33:50 - [TEST_STEP][PASSED] - selectOptionByValue: All options with value '012d0000001lBoB' are selected in object 'Object Repository/Page_New Agreement Select Agreement/select_Advisory Board LetterAg'  using regular expression

2018-02-23 12:33:51 - [MESSAGE][PASSED] - All options with value '012d0000001lBoB' are selected in object 'Object Repository/Page_New Agreement Select Agreement/select_Advisory Board LetterAg'  using regular expression

2018-02-23 12:33:51 - [TEST_STEP][PASSED] - selectOptionByValue: All options with value '012d0000001lBoA' are selected in object 'Object Repository/Page_New Agreement Select Agreement/select_Advisory Board LetterAg'  using regular expression

2018-02-23 12:33:52 - [MESSAGE][PASSED] - All options with value '012d0000001lBoA' are selected in object 'Object Repository/Page_New Agreement Select Agreement/select_Advisory Board LetterAg'  using regular expression

2018-02-23 12:33:52 - [TEST_STEP][PASSED] - click: Object: 'Object Repository/Page_New Agreement Select Agreement/input_save' is clicked on

2018-02-23 12:33:58 - [MESSAGE][PASSED] - Object: 'Object Repository/Page_New Agreement Select Agreement/input_save' is clicked on

2018-02-23 12:33:58 - [TEST_STEP][PASSED] - click: Object: 'Object Repository/Page_Salesforce - Unlimited Edition/input_j_id0j_id1j_id2j_id3j_id' is clicked on

2018-02-23 12:34:02 - [MESSAGE][PASSED] - Object: 'Object Repository/Page_Salesforce - Unlimited Edition/input_j_id0j_id1j_id2j_id3j_id' is clicked on

2018-02-23 12:34:02 - [TEST_STEP][PASSED] - setText: Text 'testagreement1' is set on object 'Object Repository/Page_Agreement Edit Enter Title  Sa/input_Name'

2018-02-23 12:34:02 - [MESSAGE][PASSED] - Text 'testagreement1' is set on object 'Object Repository/Page_Agreement Edit Enter Title  Sa/input_Name'

2018-02-23 12:34:02 - [TEST_STEP][PASSED] - click: Object: 'Object Repository/Page_Agreement Edit Enter Title  Sa/img_lookupIconOn' is clicked on

2018-02-23 12:34:02 - [MESSAGE][PASSED] - Object: 'Object Repository/Page_Agreement Edit Enter Title  Sa/img_lookupIconOn' is clicked on

2018-02-23 12:34:02 - [TEST_STEP][PASSED] - switchToWindowIndex: Switched to window with index: '1'

2018-02-23 12:34:02 - [MESSAGE][PASSED] - Switched to window with index: '1'

2018-02-23 12:34:02 - [TEST_STEP][PASSED] - click: Object: 'Object Repository/Page_Search  Salesforce - Unlimited/th_Open Society Institute' is clicked on

2018-02-23 12:34:04 - [MESSAGE][PASSED] - Object: 'Object Repository/Page_Search  Salesforce - Unlimited/th_Open Society Institute' is clicked on

2018-02-23 12:34:04 - [TEST_STEP][PASSED] - switchToDefaultContent: Switching to default content

2018-02-23 12:34:04 - [TEST_STEP][PASSED] - click: Object: 'Object Repository/Page_Agreement Edit Enter Title  Sa/img_lookupIconOn_1' is clicked on

2018-02-23 12:34:05 - [MESSAGE][PASSED] - Object: 'Object Repository/Page_Agreement Edit Enter Title  Sa/img_lookupIconOn_1' is clicked on

2018-02-23 12:34:05 - [TEST_STEP][PASSED] - switchToWindowIndex: Switched to window with index: '1'

2018-02-23 12:34:05 - [MESSAGE][PASSED] - Switched to window with index: '1'

2018-02-23 12:34:05 - [TEST_STEP][PASSED] - click: Object: 'Object Repository/Page_Search  Salesforce - Unlimited/th_Womens Education for Advanc' is clicked on

2018-02-23 12:34:06 - [MESSAGE][PASSED] - Object: 'Object Repository/Page_Search  Salesforce - Unlimited/th_Womens Education for Advanc' is clicked on

2018-02-23 12:34:07 - [TEST_STEP][PASSED] - click: Object: 'Object Repository/Page_Agreement Edit Enter Title  Sa/img_lookupIconOn_2' is clicked on

2018-02-23 12:34:07 - [MESSAGE][PASSED] - Object: 'Object Repository/Page_Agreement Edit Enter Title  Sa/img_lookupIconOn_2' is clicked on

2018-02-23 12:34:07 - [TEST_STEP][PASSED] - switchToWindowIndex: Switched to window with index: '1'

2018-02-23 12:34:07 - [MESSAGE][PASSED] - Switched to window with index: '1'

2018-02-23 12:34:07 - [TEST_STEP][PASSED] - click: Object: 'Object Repository/TestAutomation/testdata/Page_Search  Salesforce - Unlimited/Page_Search  Salesforce - Unlimited/a_Ruth Margerison' is clicked on

2018-02-23 12:34:09 - [MESSAGE][PASSED] - Object: 'Object Repository/TestAutomation/testdata/Page_Search  Salesforce - Unlimited/Page_Search  Salesforce - Unlimited/a_Ruth Margerison' is clicked on

2018-02-23 12:34:09 - [TEST_STEP][PASSED] - switchToDefaultContent: Switching to default content

2018-02-23 12:34:09 - [TEST_STEP][PASSED] - click: Object: 'Object Repository/Page_Agreement Edit Enter Title  Sa/img_lookupIconOn_3' is clicked on

2018-02-23 12:34:09 - [MESSAGE][PASSED] - Object: 'Object Repository/Page_Agreement Edit Enter Title  Sa/img_lookupIconOn_3' is clicked on

2018-02-23 12:34:09 - [TEST_STEP][PASSED] - switchToWindowIndex: Switched to window with index: '1'

2018-02-23 12:34:09 - [MESSAGE][PASSED] - Switched to window with index: '1'

2018-02-23 12:34:09 - [TEST_STEP][PASSED] - click: Object: 'Object Repository/TestAutomation/testdata/Page_Search  Salesforce - Unlimited/a_US Dollar' is clicked on

2018-02-23 12:34:11 - [MESSAGE][PASSED] - Object: 'Object Repository/TestAutomation/testdata/Page_Search  Salesforce - Unlimited/a_US Dollar' is clicked on

2018-02-23 12:34:11 - [TEST_STEP][PASSED] - switchToDefaultContent: Switching to default content

2018-02-23 12:34:11 - [TEST_STEP][PASSED] - click: Object: 'Object Repository/TestAutomation/testdata/Page_Search  Salesforce - Unlimited/Page_Agreement Edit Enter Title  Sa/input_00Nd0000009K7Xb' is clicked on

2018-02-23 12:34:11 - [MESSAGE][PASSED] - Object: 'Object Repository/TestAutomation/testdata/Page_Search  Salesforce - Unlimited/Page_Agreement Edit Enter Title  Sa/input_00Nd0000009K7Xb' is clicked on

2018-02-23 12:34:11 - [TEST_STEP][PASSED] - click: Object: 'Object Repository/TestAutomation/testdata/Page_Search  Salesforce - Unlimited/Page_Agreement Edit Enter Title  Sa/a_2222018' is clicked on

2018-02-23 12:34:11 - [MESSAGE][PASSED] - Object: 'Object Repository/TestAutomation/testdata/Page_Search  Salesforce - Unlimited/Page_Agreement Edit Enter Title  Sa/a_2222018' is clicked on

2018-02-23 12:34:11 - [TEST_STEP][PASSED] - click: Object: 'Object Repository/TestAutomation/testdata/Page_Search  Salesforce - Unlimited/Page_Agreement Edit Enter Title  Sa/input_00Nd0000009K7XZ' is clicked on

2018-02-23 12:34:12 - [MESSAGE][PASSED] - Object: 'Object Repository/TestAutomation/testdata/Page_Search  Salesforce - Unlimited/Page_Agreement Edit Enter Title  Sa/input_00Nd0000009K7XZ' is clicked on

2018-02-23 12:34:12 - [TEST_STEP][FAILED] - click: Unable to click on object 'Object Repository/TestAutomation/testdata/Page_Search  Salesforce - Unlimited/Page_Agreement Edit Enter Title  Sa/Page_Agreement Edit Enter Title  Sa/td_23' (Root cause: com.kms.katalon.core.webui.exception.WebElementNotFoundException: Web element with id: 'Object Repository/TestAutomation/testdata/Page_Search  Salesforce - Unlimited/Page_Agreement Edit Enter Title  Sa/Page_Agreement Edit Enter Title  Sa/td_23' located by 'By.xpath: //td[(text() = '23' or . = '23')]' not found)

2018-02-23 12:34:42 - [MESSAGE][FAILED] - Unable to click on object 'Object Repository/TestAutomation/testdata/Page_Search  Salesforce - Unlimited/Page_Agreement Edit Enter Title  Sa/Page_Agreement Edit Enter Title  Sa/td_23' (Root cause: com.kms.katalon.core.webui.exception.WebElementNotFoundException: Web element with id: 'Object Repository/TestAutomation/testdata/Page_Search  Salesforce - Unlimited/Page_Agreement Edit Enter Title  Sa/Page_Agreement Edit Enter Title  Sa/td_23' located by 'By.xpath: //td[(text() = '23' or . = '23')]' not found)
[[ATTACHMENT|C:\\Users\\bashah\\Katalon Studio\\TestdataAutomation\\Reports\\Demo\\20180223_123213\\1519369482850.png]]]]></system-out>
         <system-err><![CDATA[2018-02-23 12:33:24 - [TEST_CASE][FAILED] - Test Cases/Main Test Cases/testdata: Test Cases/Main Test Cases/testdata FAILED because (of) Unable to click on object 'Object Repository/TestAutomation/testdata/Page_Search  Salesforce - Unlimited/Page_Agreement Edit Enter Title  Sa/Page_Agreement Edit Enter Title  Sa/td_23' (Root cause: com.kms.katalon.core.webui.exception.WebElementNotFoundException: Web element with id: 'Object Repository/TestAutomation/testdata/Page_Search  Salesforce - Unlimited/Page_Agreement Edit Enter Title  Sa/Page_Agreement Edit Enter Title  Sa/td_23' located by 'By.xpath: //td[(text() = '23' or . = '23')]' not found)]]></system-err>
      </testcase>
      <testcase name="Test Cases/Main Test Cases/testdata" classname="Test Cases/Main Test Cases/testdata" status="PASSED">
         <system-out><![CDATA[2018-02-23 12:34:42 - [TEST_CASE][PASSED] - Test Cases/Main Test Cases/testdata: Test Cases/Main Test Cases/testdata

2018-02-23 12:34:42 - [TEST_STEP][PASSED] - Statement - data = com.kms.katalon.core.testdata.TestDataFactory.findTestData(data): Reading excel file with source file 'C:\Users\bashah\Documents\data.xlsx' and sheet name 'Sheet1'

2018-02-23 12:34:43 - [TEST_STEP][PASSED] - openBrowser: Browser is opened with url: ''

2018-02-23 12:34:43 - [MESSAGE][WARNING] - A browser is already opened. Closing browser and opening a new one

2018-02-23 12:34:48 - [MESSAGE][PASSED] - Browser is opened with url: ''

2018-02-23 12:34:48 - [TEST_STEP][PASSED] - navigateToUrl: Navigate to 'https://myapplications--devfull.cs93.my.salesforce.com/' successfully

2018-02-23 12:34:52 - [MESSAGE][PASSED] - Navigate to 'https://myapplications--devfull.cs93.my.salesforce.com/' successfully

2018-02-23 12:34:52 - [TEST_STEP][PASSED] - setText: Text 'legalowner@apttus.com.osf.devfull' is set on object 'Object Repository/Page_Login  Salesforce/input_username'

2018-02-23 12:34:52 - [MESSAGE][PASSED] - Text 'legalowner@apttus.com.osf.devfull' is set on object 'Object Repository/Page_Login  Salesforce/input_username'

2018-02-23 12:34:52 - [TEST_STEP][PASSED] - setText: Text 'Admin@201699' is set on object 'Object Repository/Page_Login  Salesforce/input_pw'

2018-02-23 12:34:52 - [MESSAGE][PASSED] - Text 'Admin@201699' is set on object 'Object Repository/Page_Login  Salesforce/input_pw'

2018-02-23 12:34:52 - [TEST_STEP][PASSED] - sendKeys: Keys 'ENTER + ' sent to object: 'Object Repository/Page_Login  Salesforce/input_pw'

2018-02-23 12:34:52 - [MESSAGE][PASSED] - Keys 'ENTER + ' sent to object: 'Object Repository/Page_Login  Salesforce/input_pw'

2018-02-23 12:34:52 - [TEST_STEP][PASSED] - click: Object: 'Object Repository/Page_Salesforce - Unlimited Edition/a_Agreements' is clicked on

2018-02-23 12:35:08 - [MESSAGE][PASSED] - Object: 'Object Repository/Page_Salesforce - Unlimited Edition/a_Agreements' is clicked on

2018-02-23 12:35:08 - [TEST_STEP][PASSED] - click: Object: 'Object Repository/Page_Agreements Home  Salesforce -/input_new' is clicked on

2018-02-23 12:35:09 - [MESSAGE][PASSED] - Object: 'Object Repository/Page_Agreements Home  Salesforce -/input_new' is clicked on

2018-02-23 12:35:09 - [TEST_STEP][PASSED] - selectOptionByValue: All options with value '012d0000001lBoB' are selected in object 'Object Repository/Page_New Agreement Select Agreement/select_Advisory Board LetterAg'  using regular expression

2018-02-23 12:35:10 - [MESSAGE][PASSED] - All options with value '012d0000001lBoB' are selected in object 'Object Repository/Page_New Agreement Select Agreement/select_Advisory Board LetterAg'  using regular expression

2018-02-23 12:35:10 - [TEST_STEP][PASSED] - selectOptionByValue: All options with value '012d0000001lBoA' are selected in object 'Object Repository/Page_New Agreement Select Agreement/select_Advisory Board LetterAg'  using regular expression

2018-02-23 12:35:11 - [MESSAGE][PASSED] - All options with value '012d0000001lBoA' are selected in object 'Object Repository/Page_New Agreement Select Agreement/select_Advisory Board LetterAg'  using regular expression

2018-02-23 12:35:11 - [TEST_STEP][PASSED] - click: Object: 'Object Repository/Page_New Agreement Select Agreement/input_save' is clicked on

2018-02-23 12:35:16 - [MESSAGE][PASSED] - Object: 'Object Repository/Page_New Agreement Select Agreement/input_save' is clicked on

2018-02-23 12:35:16 - [TEST_STEP][PASSED] - click: Object: 'Object Repository/Page_Salesforce - Unlimited Edition/input_j_id0j_id1j_id2j_id3j_id' is clicked on

2018-02-23 12:35:20 - [MESSAGE][PASSED] - Object: 'Object Repository/Page_Salesforce - Unlimited Edition/input_j_id0j_id1j_id2j_id3j_id' is clicked on

2018-02-23 12:35:20 - [TEST_STEP][PASSED] - setText: Text 'testagreement2' is set on object 'Object Repository/Page_Agreement Edit Enter Title  Sa/input_Name'

2018-02-23 12:35:20 - [MESSAGE][PASSED] - Text 'testagreement2' is set on object 'Object Repository/Page_Agreement Edit Enter Title  Sa/input_Name'

2018-02-23 12:35:20 - [TEST_STEP][PASSED] - click: Object: 'Object Repository/Page_Agreement Edit Enter Title  Sa/img_lookupIconOn' is clicked on

2018-02-23 12:35:20 - [MESSAGE][PASSED] - Object: 'Object Repository/Page_Agreement Edit Enter Title  Sa/img_lookupIconOn' is clicked on

2018-02-23 12:35:20 - [TEST_STEP][PASSED] - switchToWindowIndex: Switched to window with index: '1'

2018-02-23 12:35:20 - [MESSAGE][PASSED] - Switched to window with index: '1'

2018-02-23 12:35:20 - [TEST_STEP][PASSED] - click: Object: 'Object Repository/Page_Search  Salesforce - Unlimited/th_Open Society Institute' is clicked on

2018-02-23 12:35:22 - [MESSAGE][PASSED] - Object: 'Object Repository/Page_Search  Salesforce - Unlimited/th_Open Society Institute' is clicked on

2018-02-23 12:35:22 - [TEST_STEP][PASSED] - switchToDefaultContent: Switching to default content

2018-02-23 12:35:22 - [TEST_STEP][PASSED] - click: Object: 'Object Repository/Page_Agreement Edit Enter Title  Sa/img_lookupIconOn_1' is clicked on

2018-02-23 12:35:22 - [MESSAGE][PASSED] - Object: 'Object Repository/Page_Agreement Edit Enter Title  Sa/img_lookupIconOn_1' is clicked on

2018-02-23 12:35:22 - [TEST_STEP][PASSED] - switchToWindowIndex: Switched to window with index: '1'

2018-02-23 12:35:22 - [MESSAGE][PASSED] - Switched to window with index: '1'

2018-02-23 12:35:22 - [TEST_STEP][PASSED] - click: Object: 'Object Repository/Page_Search  Salesforce - Unlimited/th_Womens Education for Advanc' is clicked on

2018-02-23 12:35:24 - [MESSAGE][PASSED] - Object: 'Object Repository/Page_Search  Salesforce - Unlimited/th_Womens Education for Advanc' is clicked on

2018-02-23 12:35:25 - [TEST_STEP][PASSED] - click: Object: 'Object Repository/Page_Agreement Edit Enter Title  Sa/img_lookupIconOn_2' is clicked on

2018-02-23 12:35:25 - [MESSAGE][PASSED] - Object: 'Object Repository/Page_Agreement Edit Enter Title  Sa/img_lookupIconOn_2' is clicked on

2018-02-23 12:35:25 - [TEST_STEP][PASSED] - switchToWindowIndex: Switched to window with index: '1'

2018-02-23 12:35:25 - [MESSAGE][PASSED] - Switched to window with index: '1'

2018-02-23 12:35:25 - [TEST_STEP][PASSED] - click: Object: 'Object Repository/TestAutomation/testdata/Page_Search  Salesforce - Unlimited/Page_Search  Salesforce - Unlimited/a_Ruth Margerison' is clicked on

2018-02-23 12:35:27 - [MESSAGE][PASSED] - Object: 'Object Repository/TestAutomation/testdata/Page_Search  Salesforce - Unlimited/Page_Search  Salesforce - Unlimited/a_Ruth Margerison' is clicked on

2018-02-23 12:35:27 - [TEST_STEP][PASSED] - switchToDefaultContent: Switching to default content

2018-02-23 12:35:27 - [TEST_STEP][PASSED] - click: Object: 'Object Repository/Page_Agreement Edit Enter Title  Sa/img_lookupIconOn_3' is clicked on

2018-02-23 12:35:27 - [MESSAGE][PASSED] - Object: 'Object Repository/Page_Agreement Edit Enter Title  Sa/img_lookupIconOn_3' is clicked on

2018-02-23 12:35:27 - [TEST_STEP][PASSED] - switchToWindowIndex: Switched to window with index: '1'

2018-02-23 12:35:27 - [MESSAGE][PASSED] - Switched to window with index: '1'

2018-02-23 12:35:27 - [TEST_STEP][PASSED] - click: Object: 'Object Repository/TestAutomation/testdata/Page_Search  Salesforce - Unlimited/a_US Dollar' is clicked on

2018-02-23 12:35:28 - [MESSAGE][PASSED] - Object: 'Object Repository/TestAutomation/testdata/Page_Search  Salesforce - Unlimited/a_US Dollar' is clicked on

2018-02-23 12:35:28 - [TEST_STEP][PASSED] - switchToDefaultContent: Switching to default content

2018-02-23 12:35:28 - [TEST_STEP][PASSED] - click: Object: 'Object Repository/TestAutomation/testdata/Page_Search  Salesforce - Unlimited/Page_Agreement Edit Enter Title  Sa/input_00Nd0000009K7Xb' is clicked on

2018-02-23 12:35:29 - [MESSAGE][PASSED] - Object: 'Object Repository/TestAutomation/testdata/Page_Search  Salesforce - Unlimited/Page_Agreement Edit Enter Title  Sa/input_00Nd0000009K7Xb' is clicked on

2018-02-23 12:35:29 - [TEST_STEP][PASSED] - click: Object: 'Object Repository/TestAutomation/testdata/Page_Search  Salesforce - Unlimited/Page_Agreement Edit Enter Title  Sa/a_2222018' is clicked on

2018-02-23 12:35:29 - [MESSAGE][PASSED] - Object: 'Object Repository/TestAutomation/testdata/Page_Search  Salesforce - Unlimited/Page_Agreement Edit Enter Title  Sa/a_2222018' is clicked on

2018-02-23 12:35:29 - [TEST_STEP][PASSED] - click: Object: 'Object Repository/TestAutomation/testdata/Page_Search  Salesforce - Unlimited/Page_Agreement Edit Enter Title  Sa/input_00Nd0000009K7XZ' is clicked on

2018-02-23 12:35:29 - [MESSAGE][PASSED] - Object: 'Object Repository/TestAutomation/testdata/Page_Search  Salesforce - Unlimited/Page_Agreement Edit Enter Title  Sa/input_00Nd0000009K7XZ' is clicked on

2018-02-23 12:35:29 - [TEST_STEP][PASSED] - click: Object: 'Object Repository/TestAutomation/testdata/Page_Search  Salesforce - Unlimited/Page_Agreement Edit Enter Title  Sa/Page_Agreement Edit Enter Title  Sa/td_23' is clicked on

2018-02-23 12:35:29 - [MESSAGE][PASSED] - Object: 'Object Repository/TestAutomation/testdata/Page_Search  Salesforce - Unlimited/Page_Agreement Edit Enter Title  Sa/Page_Agreement Edit Enter Title  Sa/td_23' is clicked on

2018-02-23 12:35:29 - [TEST_STEP][PASSED] - setText: Text 'test' is set on object 'Object Repository/Page_Agreement Edit Enter Title  Sa/textarea_00Nd0000009K8Q4'

2018-02-23 12:35:30 - [MESSAGE][PASSED] - Text 'test' is set on object 'Object Repository/Page_Agreement Edit Enter Title  Sa/textarea_00Nd0000009K8Q4'

2018-02-23 12:35:30 - [TEST_STEP][PASSED] - selectOptionByValue: All options with value '2' are selected in object 'Object Repository/Page_Agreement Edit Enter Title  Sa/select_AfghanistanAland Island'  using regular expression

2018-02-23 12:35:34 - [MESSAGE][PASSED] - All options with value '2' are selected in object 'Object Repository/Page_Agreement Edit Enter Title  Sa/select_AfghanistanAland Island'  using regular expression

2018-02-23 12:35:34 - [TEST_STEP][PASSED] - click: Object: 'Object Repository/Page_Agreement Edit Enter Title  Sa/img_00Nd0000009K8P9_right_arro' is clicked on

2018-02-23 12:35:35 - [MESSAGE][PASSED] - Object: 'Object Repository/Page_Agreement Edit Enter Title  Sa/img_00Nd0000009K8P9_right_arro' is clicked on

2018-02-23 12:35:35 - [TEST_STEP][PASSED] - click: Object: 'Object Repository/Page_Agreement Edit Enter Title  Sa/td_--None--YesNonew picklist(0' is clicked on

2018-02-23 12:35:36 - [MESSAGE][PASSED] - Object: 'Object Repository/Page_Agreement Edit Enter Title  Sa/td_--None--YesNonew picklist(0' is clicked on

2018-02-23 12:35:36 - [TEST_STEP][PASSED] - selectOptionByValue: All options with value 'Yes' are selected in object 'Object Repository/Page_Agreement Edit Enter Title  Sa/select_--None--YesNo'  using regular expression

2018-02-23 12:35:38 - [MESSAGE][PASSED] - All options with value 'Yes' are selected in object 'Object Repository/Page_Agreement Edit Enter Title  Sa/select_--None--YesNo'  using regular expression

2018-02-23 12:35:38 - [TEST_STEP][PASSED] - selectOptionByValue: All options with value 'Yes' are selected in object 'Object Repository/Page_Agreement Edit Enter Title  Sa/select_--None--YesNo_1'  using regular expression

2018-02-23 12:35:42 - [MESSAGE][PASSED] - All options with value 'Yes' are selected in object 'Object Repository/Page_Agreement Edit Enter Title  Sa/select_--None--YesNo_1'  using regular expression

2018-02-23 12:35:42 - [TEST_STEP][PASSED] - selectOptionByValue: All options with value 'No' are selected in object 'Object Repository/Page_Agreement Edit Enter Title  Sa/select_--None--YesNo'  using regular expression

2018-02-23 12:35:50 - [MESSAGE][PASSED] - All options with value 'No' are selected in object 'Object Repository/Page_Agreement Edit Enter Title  Sa/select_--None--YesNo'  using regular expression

2018-02-23 12:35:50 - [TEST_STEP][PASSED] - selectOptionByValue: All options with value 'No' are selected in object 'Object Repository/Page_Agreement Edit Enter Title  Sa/select_--None--YesNo_1'  using regular expression

2018-02-23 12:36:06 - [MESSAGE][PASSED] - All options with value 'No' are selected in object 'Object Repository/Page_Agreement Edit Enter Title  Sa/select_--None--YesNo_1'  using regular expression

2018-02-23 12:36:06 - [TEST_STEP][PASSED] - selectOptionByValue: All options with value 'No' are selected in object 'Object Repository/Page_Agreement Edit Enter Title  Sa/select_--None--YesNo_2'  using regular expression

2018-02-23 12:36:38 - [MESSAGE][PASSED] - All options with value 'No' are selected in object 'Object Repository/Page_Agreement Edit Enter Title  Sa/select_--None--YesNo_2'  using regular expression

2018-02-23 12:36:38 - [TEST_STEP][PASSED] - click: Object: 'Object Repository/Page_Agreement Edit Enter Title  Sa/input_save' is clicked on

2018-02-23 12:36:46 - [MESSAGE][PASSED] - Object: 'Object Repository/Page_Agreement Edit Enter Title  Sa/input_save' is clicked on

2018-02-23 12:36:46 - [TEST_STEP][PASSED] - closeBrowser: Browser is closed

2018-02-23 12:36:46 - [MESSAGE][PASSED] - Browser is closed]]></system-out>
         <system-err><![CDATA[]]></system-err>
      </testcase>
      <system-out><![CDATA[2018-02-23 12:32:16 - [TEST_SUITE][FAILED] - Demo: Test Cases/Main Test Cases/testdata FAILED because (of) Unable to click on object 'Object Repository/TestAutomation/testdata/Page_Search  Salesforce - Unlimited/Page_Agreement Edit Enter Title  Sa/Page_Agreement Edit Enter Title  Sa/td_23' (Root cause: com.kms.katalon.core.webui.exception.WebElementNotFoundException: Web element with id: 'Object Repository/TestAutomation/testdata/Page_Search  Salesforce - Unlimited/Page_Agreement Edit Enter Title  Sa/Page_Agreement Edit Enter Title  Sa/td_23' located by 'By.xpath: //td[(text() = '23' or . = '23')]' not found)]]></system-out>
      <system-err><![CDATA[2018-02-23 12:32:16 - [TEST_SUITE][FAILED] - Demo: Test Cases/Main Test Cases/testdata FAILED because (of) Unable to click on object 'Object Repository/TestAutomation/testdata/Page_Search  Salesforce - Unlimited/Page_Agreement Edit Enter Title  Sa/Page_Agreement Edit Enter Title  Sa/td_23' (Root cause: com.kms.katalon.core.webui.exception.WebElementNotFoundException: Web element with id: 'Object Repository/TestAutomation/testdata/Page_Search  Salesforce - Unlimited/Page_Agreement Edit Enter Title  Sa/Page_Agreement Edit Enter Title  Sa/td_23' located by 'By.xpath: //td[(text() = '23' or . = '23')]' not found)]]></system-err>
   </testsuite>
</testsuites>
