<?xml version="1.0" encoding="UTF-8"?>
<testsuites name="SNOW" time="321" tests="0" failures="1" errors="0">
   <testsuite name="SNOW" tests="0" failures="1" errors="0" time="321" timestamp="2018-03-16 16:40:43" hostname="bashah - L005401.Apttus.local" id="Test Suites/SNOW">
      <properties>
         <property name="deviceName" value=""/>
         <property name="devicePlatform" value=""/>
         <property name="logFolder" value="C:\\Users\\bashah\\Katalon Studio\\TestdataAutomation\\Reports\\SNOW\\20180316_164038"/>
         <property name="logFiles" value="C:\\Users\\bashah\\Katalon Studio\\TestdataAutomation\\Reports\\SNOW\\20180316_164038\\execution0.log"/>
         <property name="attachments" value="C:\\Users\\bashah\\Katalon Studio\\TestdataAutomation\\Reports\\SNOW\\20180316_164038\\1521198833675.png"/>
         <property name="hostName" value="bashah - L005401.Apttus.local"/>
         <property name="os" value="Windows 10 64bit"/>
         <property name="katalonVersion" value="5.3.0.1"/>
         <property name="browser" value="Chrome 64.0.3282.186"/>
         <property name="hostAddress" value="10.13.10.136"/>
         <property name="sessionId" value="4a376f0647e9d4a15dd1bd9a4eaa92b3"/>
         <property name="seleniumVersion" value="3.7.1"/>
         <property name="proxyInformation" value="ProxyInformation{proxyOption=NO_PROXY, proxyServerType=HTTP, password=, proxyServerAddress=, proxyServerPort=0}"/>
         <property name="platform" value="Windows 10"/>
      </properties>
      <testcase name="Test Cases/Main Test Cases/apttus11clm" classname="Test Cases/Main Test Cases/apttus11clm" status="FAILED">
         <failure type="FAILED" message="Unable to click on object 'Object Repository/Page_Apttus - Contract Lifecycle Ma/button_Submit' (Root cause: com.kms.katalon.core.webui.exception.WebElementNotFoundException: Web element with id: 'Object Repository/Page_Apttus - Contract Lifecycle Ma/button_Submit' located by 'By.xpath: //button[@type = 'button' and @id = 'generateDocument-submit-button' and (text() = '
                Submit
            ' or . = '
                Submit
            ')]' not found)"/>
         <system-out><![CDATA[2018-03-16 16:40:44 - [TEST_CASE][FAILED] - Test Cases/Main Test Cases/apttus11clm: Test Cases/Main Test Cases/apttus11clm FAILED because (of) Unable to click on object 'Object Repository/Page_Apttus - Contract Lifecycle Ma/button_Submit' (Root cause: com.kms.katalon.core.webui.exception.WebElementNotFoundException: Web element with id: 'Object Repository/Page_Apttus - Contract Lifecycle Ma/button_Submit' located by 'By.xpath: //button[@type = 'button' and @id = 'generateDocument-submit-button' and (text() = '
                Submit
            ' or . = '
                Submit
            ')]' not found)

2018-03-16 16:40:45 - [TEST_STEP][PASSED] - openBrowser: Browser is opened with url: ''

2018-03-16 16:40:52 - [MESSAGE][PASSED] - Browser is opened with url: ''

2018-03-16 16:40:52 - [TEST_STEP][PASSED] - maximizeWindow: Current window maximized

2018-03-16 16:40:53 - [MESSAGE][PASSED] - Current window maximized

2018-03-16 16:40:53 - [TEST_STEP][PASSED] - navigateToUrl: Navigate to 'https://servicenowext.oktapreview.com/login/login.htm?fromURI=%2Fapp%2Fservicenowexternalportal_apttussnowperf_1%2Fexkdcery72Duhu2RN0h7%2Fsso%2Fsaml%3FSAMLRequest%3DfVJNb%252bIwFPwrke%252f5LIFgESS2qCpStxsRdg97qVznsVh1bK%252bfXei%252fX5MsUlHVnmw9z5vRzHiBrJeGrrw7qC389YAu2qxrYvanbP5cliWv8mk5nWRlMWcVB5hP9tDBhM0rEv0Ci0KrmhRJRqINooeNQseUC6Msr%252bLsJs6qXTajkyktbn6TqLHaaa7lN6E6of7UxFtFNUOBVLEekDpO29X3BxoY6fMIQnq%252f2zVx86PdkWiFCNYF0Vut0PdgW7CvgsPP7UNNDs4ZpGmK40zpY8yMcx7zPBkvXGrfJVz3aRt8t81wbAFNYAMSrYN9oZgbTH1kg5NL9ItjxsKrgOPAw4y5RoBVTBptHZNPoyiGBwN2%252f5SncHrpONi3WbH2B19sH7PDLEXU6bkGEp16qZAOlXwdjfmfI1kuzmg6ZG%252ff7X%252b9zi4pkuXFJTPiKiOhU4ZGxmey%252bOJgkb5TG6UNfQz0m3WjpeBv0Z22PXOfq%252bdJPkxEF%252b8HKIWeCbnqOguIoV8p9fHWAnNQE2d9KCVdjrLXv3T5Dw%253d%253d%26RelayState%3Dhttps%3A%2F%2Fservicenow-apttus11.apttuscloud.com%2Fui%2Fclm%2Fclm%2Fagreement%2Fdetail%2Fccab1e29-9f22-e811-896b-00155d7fe074' successfully

2018-03-16 16:40:57 - [MESSAGE][PASSED] - Navigate to 'https://servicenowext.oktapreview.com/login/login.htm?fromURI=%2Fapp%2Fservicenowexternalportal_apttussnowperf_1%2Fexkdcery72Duhu2RN0h7%2Fsso%2Fsaml%3FSAMLRequest%3DfVJNb%252bIwFPwrke%252f5LIFgESS2qCpStxsRdg97qVznsVh1bK%252bfXei%252fX5MsUlHVnmw9z5vRzHiBrJeGrrw7qC389YAu2qxrYvanbP5cliWv8mk5nWRlMWcVB5hP9tDBhM0rEv0Ci0KrmhRJRqINooeNQseUC6Msr%252bLsJs6qXTajkyktbn6TqLHaaa7lN6E6of7UxFtFNUOBVLEekDpO29X3BxoY6fMIQnq%252f2zVx86PdkWiFCNYF0Vut0PdgW7CvgsPP7UNNDs4ZpGmK40zpY8yMcx7zPBkvXGrfJVz3aRt8t81wbAFNYAMSrYN9oZgbTH1kg5NL9ItjxsKrgOPAw4y5RoBVTBptHZNPoyiGBwN2%252f5SncHrpONi3WbH2B19sH7PDLEXU6bkGEp16qZAOlXwdjfmfI1kuzmg6ZG%252ff7X%252b9zi4pkuXFJTPiKiOhU4ZGxmey%252bOJgkb5TG6UNfQz0m3WjpeBv0Z22PXOfq%252bdJPkxEF%252b8HKIWeCbnqOguIoV8p9fHWAnNQE2d9KCVdjrLXv3T5Dw%253d%253d%26RelayState%3Dhttps%3A%2F%2Fservicenow-apttus11.apttuscloud.com%2Fui%2Fclm%2Fclm%2Fagreement%2Fdetail%2Fccab1e29-9f22-e811-896b-00155d7fe074' successfully

2018-03-16 16:40:57 - [TEST_STEP][PASSED] - setText: Text 'prachy.gupta@servicenow.com' is set on object 'Object Repository/Page_SSOUAT/input_username'

2018-03-16 16:41:12 - [MESSAGE][PASSED] - Text 'prachy.gupta@servicenow.com' is set on object 'Object Repository/Page_SSOUAT/input_username'

2018-03-16 16:41:12 - [TEST_STEP][PASSED] - setText: Text 'White%balls%' is set on object 'Object Repository/Page_SSOUAT/input_password'

2018-03-16 16:41:13 - [MESSAGE][PASSED] - Text 'White%balls%' is set on object 'Object Repository/Page_SSOUAT/input_password'

2018-03-16 16:41:13 - [TEST_STEP][PASSED] - click: Object: 'Object Repository/Page_SSOUAT/input_submitButton' is clicked on

2018-03-16 16:41:13 - [MESSAGE][PASSED] - Object: 'Object Repository/Page_SSOUAT/input_submitButton' is clicked on

2018-03-16 16:41:13 - [TEST_STEP][PASSED] - waitForElementClickable: Object 'Object Repository/Page_Apttus - Contract Lifecycle Ma/button_Send to Requester' is clickable

2018-03-16 16:41:42 - [MESSAGE][PASSED] - Object 'Object Repository/Page_Apttus - Contract Lifecycle Ma/button_Send to Requester' is clickable

2018-03-16 16:41:42 - [TEST_STEP][PASSED] - Statement - statusAuthoring = com.kms.katalon.core.webui.keyword.WebUiBuiltInKeywords.getText(com.kms.katalon.core.testobject.ObjectRepository.findTestObject(Page_Apttus - Contract Lifecycle Ma/md-chip_In Authoring  Author C)): Text of object 'Object Repository/Page_Apttus - Contract Lifecycle Ma/md-chip_In Authoring  Author C' is: 'In Authoring | Author Contract'

2018-03-16 16:41:43 - [MESSAGE][PASSED] - Text of object 'Object Repository/Page_Apttus - Contract Lifecycle Ma/md-chip_In Authoring  Author C' is: 'In Authoring | Author Contract'

2018-03-16 16:41:43 - [TEST_STEP][PASSED] - verifyEqual: Actual object 'In Authoring | Author Contract' and expected object 'In Authoring | Author Contract' are equal

2018-03-16 16:41:43 - [MESSAGE][PASSED] - Actual object 'In Authoring | Author Contract' and expected object 'In Authoring | Author Contract' are equal

2018-03-16 16:41:43 - [TEST_STEP][PASSED] - click: Object: 'Object Repository/Page_Apttus - Contract Lifecycle Ma/nextbutton' is clicked on

2018-03-16 16:41:47 - [MESSAGE][PASSED] - Object: 'Object Repository/Page_Apttus - Contract Lifecycle Ma/nextbutton' is clicked on

2018-03-16 16:41:47 - [TEST_STEP][PASSED] - click: Object: 'Object Repository/Page_Apttus - Contract Lifecycle Ma/nextbutton' is clicked on

2018-03-16 16:41:48 - [MESSAGE][PASSED] - Object: 'Object Repository/Page_Apttus - Contract Lifecycle Ma/nextbutton' is clicked on

2018-03-16 16:41:48 - [TEST_STEP][PASSED] - click: Object: 'Object Repository/Page_Apttus - Contract Lifecycle Ma (8)/Page_Apttus - Contract Lifecycle Ma/md-tab-item_Approvals' is clicked on

2018-03-16 16:41:48 - [MESSAGE][PASSED] - Object: 'Object Repository/Page_Apttus - Contract Lifecycle Ma (8)/Page_Apttus - Contract Lifecycle Ma/md-tab-item_Approvals' is clicked on

2018-03-16 16:41:48 - [TEST_STEP][PASSED] - waitForElementClickable: Web element with id: 'Object Repository/Page_Apttus - Contract Lifecycle Ma/button_Submit' located by 'By.xpath: //button[@type = 'button' and @id = 'generateDocument-submit-button' and (text() = '
                Submit
            ' or . = '
                Submit
            ')]' not found

2018-03-16 16:43:22 - [MESSAGE][WARNING] - Web element with id: 'Object Repository/Page_Apttus - Contract Lifecycle Ma/button_Submit' located by 'By.xpath: //button[@type = 'button' and @id = 'generateDocument-submit-button' and (text() = '
                Submit
            ' or . = '
                Submit
            ')]' not found

2018-03-16 16:43:22 - [TEST_STEP][FAILED] - click: Unable to click on object 'Object Repository/Page_Apttus - Contract Lifecycle Ma/button_Submit' (Root cause: com.kms.katalon.core.webui.exception.WebElementNotFoundException: Web element with id: 'Object Repository/Page_Apttus - Contract Lifecycle Ma/button_Submit' located by 'By.xpath: //button[@type = 'button' and @id = 'generateDocument-submit-button' and (text() = '
                Submit
            ' or . = '
                Submit
            ')]' not found)

2018-03-16 16:43:54 - [MESSAGE][FAILED] - Unable to click on object 'Object Repository/Page_Apttus - Contract Lifecycle Ma/button_Submit' (Root cause: com.kms.katalon.core.webui.exception.WebElementNotFoundException: Web element with id: 'Object Repository/Page_Apttus - Contract Lifecycle Ma/button_Submit' located by 'By.xpath: //button[@type = 'button' and @id = 'generateDocument-submit-button' and (text() = '
                Submit
            ' or . = '
                Submit
            ')]' not found)
[[ATTACHMENT|C:\\Users\\bashah\\Katalon Studio\\TestdataAutomation\\Reports\\SNOW\\20180316_164038\\1521198833675.png]]

2018-03-16 16:43:54 - [TEST_STEP][PASSED] - waitForElementClickable: Object 'Object Repository/Page_Apttus - Contract Lifecycle Ma/button_Send for Review' is clickable

2018-03-16 16:44:08 - [MESSAGE][PASSED] - Object 'Object Repository/Page_Apttus - Contract Lifecycle Ma/button_Send for Review' is clickable

2018-03-16 16:44:08 - [TEST_STEP][PASSED] - Statement - statusAuthoring = com.kms.katalon.core.webui.keyword.WebUiBuiltInKeywords.getText(com.kms.katalon.core.testobject.ObjectRepository.findTestObject(Page_Apttus - Contract Lifecycle Ma/md-chip_In Authoring  Language)): Text of object 'Object Repository/Page_Apttus - Contract Lifecycle Ma/md-chip_In Authoring  Language' is: 'In Authoring | Language Approved'

2018-03-16 16:44:08 - [MESSAGE][PASSED] - Text of object 'Object Repository/Page_Apttus - Contract Lifecycle Ma/md-chip_In Authoring  Language' is: 'In Authoring | Language Approved'

2018-03-16 16:44:08 - [TEST_STEP][PASSED] - verifyEqual: Actual object 'In Authoring | Language Approved' and expected object 'In Authoring | Language Approved' are equal

2018-03-16 16:44:08 - [MESSAGE][PASSED] - Actual object 'In Authoring | Language Approved' and expected object 'In Authoring | Language Approved' are equal

2018-03-16 16:44:08 - [TEST_STEP][PASSED] - click: Object: 'Object Repository/Page_Apttus - Contract Lifecycle Ma/button_Send for Review' is clicked on

2018-03-16 16:44:09 - [MESSAGE][PASSED] - Object: 'Object Repository/Page_Apttus - Contract Lifecycle Ma/button_Send for Review' is clicked on

2018-03-16 16:44:09 - [TEST_STEP][PASSED] - setText: Text 'test' is set on object 'Object Repository/Page_Apttus - Contract Lifecycle Ma/input_name-input-0'

2018-03-16 16:44:10 - [MESSAGE][PASSED] - Text 'test' is set on object 'Object Repository/Page_Apttus - Contract Lifecycle Ma/input_name-input-0'

2018-03-16 16:44:10 - [TEST_STEP][PASSED] - setText: Text 'bashah@apttus.com' is set on object 'Object Repository/Page_Apttus - Contract Lifecycle Ma/input_email-input-0'

2018-03-16 16:44:11 - [MESSAGE][PASSED] - Text 'bashah@apttus.com' is set on object 'Object Repository/Page_Apttus - Contract Lifecycle Ma/input_email-input-0'

2018-03-16 16:44:11 - [TEST_STEP][PASSED] - delay: Delayed 5 second(s)

2018-03-16 16:44:16 - [MESSAGE][PASSED] - Delayed 5 second(s)

2018-03-16 16:44:16 - [TEST_STEP][PASSED] - click: Object: 'Object Repository/Page_Apttus - Contract Lifecycle Ma/span_Template selection' is clicked on

2018-03-16 16:44:17 - [MESSAGE][PASSED] - Object: 'Object Repository/Page_Apttus - Contract Lifecycle Ma/span_Template selection' is clicked on

2018-03-16 16:44:17 - [TEST_STEP][PASSED] - delay: Delayed 5 second(s)

2018-03-16 16:44:22 - [MESSAGE][PASSED] - Delayed 5 second(s)

2018-03-16 16:44:22 - [TEST_STEP][PASSED] - setText: Text 'test' is set on object 'Object Repository/Page_Apttus - Contract Lifecycle Ma/input_Subject'

2018-03-16 16:44:22 - [MESSAGE][PASSED] - Text 'test' is set on object 'Object Repository/Page_Apttus - Contract Lifecycle Ma/input_Subject'

2018-03-16 16:44:22 - [TEST_STEP][PASSED] - delay: Delayed 2 second(s)

2018-03-16 16:44:24 - [MESSAGE][PASSED] - Delayed 2 second(s)

2018-03-16 16:44:24 - [TEST_STEP][PASSED] - click: Object: 'Object Repository/Page_Apttus - Contract Lifecycle Ma/div_note-editable panel-body' is clicked on

2018-03-16 16:44:24 - [MESSAGE][PASSED] - Object: 'Object Repository/Page_Apttus - Contract Lifecycle Ma/div_note-editable panel-body' is clicked on

2018-03-16 16:44:24 - [TEST_STEP][PASSED] - delay: Delayed 2 second(s)

2018-03-16 16:44:26 - [MESSAGE][PASSED] - Delayed 2 second(s)

2018-03-16 16:44:26 - [TEST_STEP][PASSED] - click: Object: 'Object Repository/Page_Apttus - Contract Lifecycle Ma/selectTemplate' is clicked on

2018-03-16 16:44:26 - [MESSAGE][PASSED] - Object: 'Object Repository/Page_Apttus - Contract Lifecycle Ma/selectTemplate' is clicked on

2018-03-16 16:44:26 - [TEST_STEP][PASSED] - delay: Delayed 2 second(s)

2018-03-16 16:44:28 - [MESSAGE][PASSED] - Delayed 2 second(s)

2018-03-16 16:44:28 - [TEST_STEP][PASSED] - click: Object: 'Object Repository/Page_Apttus - Contract Lifecycle Ma/md-option_Send for Review (MOA' is clicked on

2018-03-16 16:44:29 - [MESSAGE][PASSED] - Object: 'Object Repository/Page_Apttus - Contract Lifecycle Ma/md-option_Send for Review (MOA' is clicked on

2018-03-16 16:44:29 - [TEST_STEP][PASSED] - delay: Delayed 2 second(s)

2018-03-16 16:44:31 - [MESSAGE][PASSED] - Delayed 2 second(s)

2018-03-16 16:44:31 - [TEST_STEP][PASSED] - waitForElementClickable: Object 'Object Repository/Page_Apttus - Contract Lifecycle Ma/button_Send' is clickable

2018-03-16 16:44:53 - [MESSAGE][PASSED] - Object 'Object Repository/Page_Apttus - Contract Lifecycle Ma/button_Send' is clickable

2018-03-16 16:44:53 - [TEST_STEP][PASSED] - click: Object: 'Object Repository/Page_Apttus - Contract Lifecycle Ma/button_Send' is clicked on

2018-03-16 16:44:54 - [MESSAGE][PASSED] - Object: 'Object Repository/Page_Apttus - Contract Lifecycle Ma/button_Send' is clicked on

2018-03-16 16:44:54 - [TEST_STEP][PASSED] - waitForElementClickable: Object 'Object Repository/Page_Apttus - Contract Lifecycle Ma/button_OK' is clickable

2018-03-16 16:44:59 - [MESSAGE][PASSED] - Object 'Object Repository/Page_Apttus - Contract Lifecycle Ma/button_OK' is clickable

2018-03-16 16:44:59 - [TEST_STEP][PASSED] - click: Object: 'Object Repository/Page_Apttus - Contract Lifecycle Ma/button_OK' is clicked on

2018-03-16 16:45:00 - [MESSAGE][PASSED] - Object: 'Object Repository/Page_Apttus - Contract Lifecycle Ma/button_OK' is clicked on

2018-03-16 16:45:00 - [TEST_STEP][PASSED] - waitForElementClickable: Object 'Object Repository/Page_Apttus - Contract Lifecycle Ma/button_Send for Wet Signature' is clickable

2018-03-16 16:45:04 - [MESSAGE][PASSED] - Object 'Object Repository/Page_Apttus - Contract Lifecycle Ma/button_Send for Wet Signature' is clickable

2018-03-16 16:45:04 - [TEST_STEP][PASSED] - Statement - statusAuthoring = com.kms.katalon.core.webui.keyword.WebUiBuiltInKeywords.getText(com.kms.katalon.core.testobject.ObjectRepository.findTestObject(Page_Apttus - Contract Lifecycle Ma/md-chip_In Authoring  Other Pa)): Text of object 'Object Repository/Page_Apttus - Contract Lifecycle Ma/md-chip_In Authoring  Other Pa' is: 'In Authoring | Other Party Review'

2018-03-16 16:45:04 - [MESSAGE][PASSED] - Text of object 'Object Repository/Page_Apttus - Contract Lifecycle Ma/md-chip_In Authoring  Other Pa' is: 'In Authoring | Other Party Review'

2018-03-16 16:45:04 - [TEST_STEP][PASSED] - verifyEqual: Actual object 'In Authoring | Other Party Review' and expected object 'In Authoring | Other Party Review' are equal

2018-03-16 16:45:04 - [MESSAGE][PASSED] - Actual object 'In Authoring | Other Party Review' and expected object 'In Authoring | Other Party Review' are equal

2018-03-16 16:45:04 - [TEST_STEP][PASSED] - click: Object: 'Object Repository/Page_Apttus - Contract Lifecycle Ma/button_Send for Wet Signature' is clicked on

2018-03-16 16:45:04 - [MESSAGE][PASSED] - Object: 'Object Repository/Page_Apttus - Contract Lifecycle Ma/button_Send for Wet Signature' is clicked on

2018-03-16 16:45:04 - [TEST_STEP][PASSED] - setText: Text 'test' is set on object 'Object Repository/Page_Apttus - Contract Lifecycle Ma/input_name-input-0'

2018-03-16 16:45:06 - [MESSAGE][PASSED] - Text 'test' is set on object 'Object Repository/Page_Apttus - Contract Lifecycle Ma/input_name-input-0'

2018-03-16 16:45:06 - [TEST_STEP][PASSED] - setText: Text 'bashah@apttus.com' is set on object 'Object Repository/Page_Apttus - Contract Lifecycle Ma/input_email-input-0'

2018-03-16 16:45:07 - [MESSAGE][PASSED] - Text 'bashah@apttus.com' is set on object 'Object Repository/Page_Apttus - Contract Lifecycle Ma/input_email-input-0'

2018-03-16 16:45:07 - [TEST_STEP][PASSED] - delay: Delayed 5 second(s)

2018-03-16 16:45:12 - [MESSAGE][PASSED] - Delayed 5 second(s)

2018-03-16 16:45:12 - [TEST_STEP][PASSED] - click: Object: 'Object Repository/Page_Apttus - Contract Lifecycle Ma/span_Additional Details' is clicked on

2018-03-16 16:45:13 - [MESSAGE][PASSED] - Object: 'Object Repository/Page_Apttus - Contract Lifecycle Ma/span_Additional Details' is clicked on

2018-03-16 16:45:13 - [TEST_STEP][PASSED] - delay: Delayed 5 second(s)

2018-03-16 16:45:18 - [MESSAGE][PASSED] - Delayed 5 second(s)

2018-03-16 16:45:18 - [TEST_STEP][PASSED] - setText: Text 'test' is set on object 'Object Repository/Page_Apttus - Contract Lifecycle Ma/input_Subject'

2018-03-16 16:45:18 - [MESSAGE][PASSED] - Text 'test' is set on object 'Object Repository/Page_Apttus - Contract Lifecycle Ma/input_Subject'

2018-03-16 16:45:18 - [TEST_STEP][PASSED] - click: Object: 'Object Repository/Page_Apttus - Contract Lifecycle Ma/div_note-editable panel-body' is clicked on

2018-03-16 16:45:18 - [MESSAGE][PASSED] - Object: 'Object Repository/Page_Apttus - Contract Lifecycle Ma/div_note-editable panel-body' is clicked on

2018-03-16 16:45:18 - [TEST_STEP][PASSED] - delay: Delayed 2 second(s)

2018-03-16 16:45:20 - [MESSAGE][PASSED] - Delayed 2 second(s)

2018-03-16 16:45:20 - [TEST_STEP][PASSED] - click: Object: 'Object Repository/Page_Apttus - Contract Lifecycle Ma/selectTemplate' is clicked on

2018-03-16 16:45:21 - [MESSAGE][PASSED] - Object: 'Object Repository/Page_Apttus - Contract Lifecycle Ma/selectTemplate' is clicked on

2018-03-16 16:45:21 - [TEST_STEP][PASSED] - delay: Delayed 2 second(s)

2018-03-16 16:45:23 - [MESSAGE][PASSED] - Delayed 2 second(s)

2018-03-16 16:45:23 - [TEST_STEP][PASSED] - click: Object: 'Object Repository/Page_Apttus - Contract Lifecycle Ma/md-option_Send for Signature (_1' is clicked on

2018-03-16 16:45:23 - [MESSAGE][PASSED] - Object: 'Object Repository/Page_Apttus - Contract Lifecycle Ma/md-option_Send for Signature (_1' is clicked on

2018-03-16 16:45:23 - [TEST_STEP][PASSED] - delay: Delayed 2 second(s)

2018-03-16 16:45:25 - [MESSAGE][PASSED] - Delayed 2 second(s)

2018-03-16 16:45:25 - [TEST_STEP][PASSED] - waitForElementClickable: Object 'Object Repository/Page_Apttus - Contract Lifecycle Ma/button_Send' is clickable

2018-03-16 16:45:48 - [MESSAGE][PASSED] - Object 'Object Repository/Page_Apttus - Contract Lifecycle Ma/button_Send' is clickable

2018-03-16 16:45:48 - [TEST_STEP][PASSED] - click: Object: 'Object Repository/Page_Apttus - Contract Lifecycle Ma/button_Send' is clicked on

2018-03-16 16:45:49 - [MESSAGE][PASSED] - Object: 'Object Repository/Page_Apttus - Contract Lifecycle Ma/button_Send' is clicked on

2018-03-16 16:45:49 - [TEST_STEP][PASSED] - waitForElementClickable: Object 'Object Repository/Page_Apttus - Contract Lifecycle Ma/button_OK' is clickable

2018-03-16 16:45:53 - [MESSAGE][PASSED] - Object 'Object Repository/Page_Apttus - Contract Lifecycle Ma/button_OK' is clickable

2018-03-16 16:45:53 - [TEST_STEP][PASSED] - click: Object: 'Object Repository/Page_Apttus - Contract Lifecycle Ma/button_OK' is clicked on

2018-03-16 16:45:53 - [MESSAGE][PASSED] - Object: 'Object Repository/Page_Apttus - Contract Lifecycle Ma/button_OK' is clicked on

2018-03-16 16:45:53 - [TEST_STEP][PASSED] - waitForElementClickable: Object 'Object Repository/Page_Apttus - Contract Lifecycle Ma/button_Mark as Signed' is clickable

2018-03-16 16:45:57 - [MESSAGE][PASSED] - Object 'Object Repository/Page_Apttus - Contract Lifecycle Ma/button_Mark as Signed' is clickable

2018-03-16 16:45:57 - [TEST_STEP][PASSED] - Statement - statusAuthoring = com.kms.katalon.core.webui.keyword.WebUiBuiltInKeywords.getText(com.kms.katalon.core.testobject.ObjectRepository.findTestObject(Page_Apttus - Contract Lifecycle Ma/md-chip_In Signatures  Pending)): Text of object 'Object Repository/Page_Apttus - Contract Lifecycle Ma/md-chip_In Signatures  Pending' is: 'In Signatures | Pending Other Party Signature'

2018-03-16 16:45:57 - [MESSAGE][PASSED] - Text of object 'Object Repository/Page_Apttus - Contract Lifecycle Ma/md-chip_In Signatures  Pending' is: 'In Signatures | Pending Other Party Signature'

2018-03-16 16:45:57 - [TEST_STEP][PASSED] - verifyEqual: Actual object 'In Signatures | Pending Other Party Signature' and expected object 'In Signatures | Pending Other Party Signature' are equal

2018-03-16 16:45:57 - [MESSAGE][PASSED] - Actual object 'In Signatures | Pending Other Party Signature' and expected object 'In Signatures | Pending Other Party Signature' are equal

2018-03-16 16:45:57 - [TEST_STEP][PASSED] - click: Object: 'Object Repository/Page_Apttus - Contract Lifecycle Ma/button_Mark as Signed' is clicked on

2018-03-16 16:45:57 - [MESSAGE][PASSED] - Object: 'Object Repository/Page_Apttus - Contract Lifecycle Ma/button_Mark as Signed' is clicked on

2018-03-16 16:45:57 - [TEST_STEP][PASSED] - waitForElementClickable: Object 'Object Repository/Page_Apttus - Contract Lifecycle Ma/button_Yes' is clickable

2018-03-16 16:45:57 - [MESSAGE][PASSED] - Object 'Object Repository/Page_Apttus - Contract Lifecycle Ma/button_Yes' is clickable

2018-03-16 16:45:57 - [TEST_STEP][PASSED] - click: Object: 'Object Repository/Page_Apttus - Contract Lifecycle Ma/button_Yes' is clicked on

2018-03-16 16:45:58 - [MESSAGE][PASSED] - Object: 'Object Repository/Page_Apttus - Contract Lifecycle Ma/button_Yes' is clicked on

2018-03-16 16:45:58 - [TEST_STEP][PASSED] - waitForElementClickable: Object 'Object Repository/Page_Apttus - Contract Lifecycle Ma/button_Close' is clickable

2018-03-16 16:45:59 - [MESSAGE][PASSED] - Object 'Object Repository/Page_Apttus - Contract Lifecycle Ma/button_Close' is clickable

2018-03-16 16:45:59 - [TEST_STEP][PASSED] - click: Object: 'Object Repository/Page_Apttus - Contract Lifecycle Ma/button_Close' is clicked on

2018-03-16 16:45:59 - [MESSAGE][PASSED] - Object: 'Object Repository/Page_Apttus - Contract Lifecycle Ma/button_Close' is clicked on

2018-03-16 16:45:59 - [TEST_STEP][PASSED] - Statement - statusAuthoring = com.kms.katalon.core.webui.keyword.WebUiBuiltInKeywords.getText(com.kms.katalon.core.testobject.ObjectRepository.findTestObject(Page_Apttus - Contract Lifecycle Ma/md-chip_In Signatures  Fully S)): Text of object 'Object Repository/Page_Apttus - Contract Lifecycle Ma/md-chip_In Signatures  Fully S' is: 'In Signatures | Fully Signed'

2018-03-16 16:46:03 - [MESSAGE][PASSED] - Text of object 'Object Repository/Page_Apttus - Contract Lifecycle Ma/md-chip_In Signatures  Fully S' is: 'In Signatures | Fully Signed'

2018-03-16 16:46:03 - [TEST_STEP][PASSED] - verifyEqual: Actual object 'In Signatures | Fully Signed' and expected object 'In Signatures | Fully Signed' are equal

2018-03-16 16:46:03 - [MESSAGE][PASSED] - Actual object 'In Signatures | Fully Signed' and expected object 'In Signatures | Fully Signed' are equal

2018-03-16 16:46:03 - [TEST_STEP][PASSED] - closeBrowser: Browser is closed

2018-03-16 16:46:04 - [MESSAGE][PASSED] - Browser is closed]]></system-out>
         <system-err><![CDATA[2018-03-16 16:40:44 - [TEST_CASE][FAILED] - Test Cases/Main Test Cases/apttus11clm: Test Cases/Main Test Cases/apttus11clm FAILED because (of) Unable to click on object 'Object Repository/Page_Apttus - Contract Lifecycle Ma/button_Submit' (Root cause: com.kms.katalon.core.webui.exception.WebElementNotFoundException: Web element with id: 'Object Repository/Page_Apttus - Contract Lifecycle Ma/button_Submit' located by 'By.xpath: //button[@type = 'button' and @id = 'generateDocument-submit-button' and (text() = '
                Submit
            ' or . = '
                Submit
            ')]' not found)]]></system-err>
      </testcase>
      <system-out><![CDATA[2018-03-16 16:40:43 - [TEST_SUITE][FAILED] - SNOW: Test Cases/Main Test Cases/apttus11clm FAILED because (of) Unable to click on object 'Object Repository/Page_Apttus - Contract Lifecycle Ma/button_Submit' (Root cause: com.kms.katalon.core.webui.exception.WebElementNotFoundException: Web element with id: 'Object Repository/Page_Apttus - Contract Lifecycle Ma/button_Submit' located by 'By.xpath: //button[@type = 'button' and @id = 'generateDocument-submit-button' and (text() = '
                Submit
            ' or . = '
                Submit
            ')]' not found)]]></system-out>
      <system-err><![CDATA[2018-03-16 16:40:43 - [TEST_SUITE][FAILED] - SNOW: Test Cases/Main Test Cases/apttus11clm FAILED because (of) Unable to click on object 'Object Repository/Page_Apttus - Contract Lifecycle Ma/button_Submit' (Root cause: com.kms.katalon.core.webui.exception.WebElementNotFoundException: Web element with id: 'Object Repository/Page_Apttus - Contract Lifecycle Ma/button_Submit' located by 'By.xpath: //button[@type = 'button' and @id = 'generateDocument-submit-button' and (text() = '
                Submit
            ' or . = '
                Submit
            ')]' not found)]]></system-err>
   </testsuite>
</testsuites>
